<?xml version="1.0" encoding="UTF-8"?>
<!-- Generated by org.testng.reporters.JUnitXMLReporter -->
<testsuite hostname="ASDW0128" ignored="0" name="Default test" tests="5" failures="0" timestamp="29 Jun 2018 12:05:27 GMT" time="0.106" errors="0">
  <testcase name="test_Max_Player_Condition" time="0.045" classname="test.TestSnl"/>
  <testcase name="test_Player_Already_Exception_Message" time="0.003" classname="test.TestSnl"/>
  <testcase name="test_Max_Player_Exception_Message" time="0.002" classname="test.TestSnl"/>
  <testcase name="test_Player_Already_Exists_Condition" time="0.009" classname="test.TestSnl"/>
  <testcase name="validate_Player_Data" time="0.011" classname="test.TestSnl"/>
</testsuite> <!-- Default test -->
